This is pdfTeX, Version 3.1415926-2.5-1.40.14 (TeX Live 2013/Debian) (format=pdflatex 2016.10.30)  13 NOV 2016 15:01
entering extended mode
 restricted \write18 enabled.
 %&-line parsing enabled.
**LWA-NS3.tex
(./LWA-NS3.tex
LaTeX2e <2011/06/27>
Babel <3.9h> and hyphenation patterns for 4 languages loaded.
(./IEEEtran.cls
Document Class: IEEEtran 2014/09/17 V1.8a by Michael Shell
-- See the "IEEEtran_HOWTO" manual for usage information.
-- http://www.michaelshell.org/tex/ieeetran/
\@IEEEtrantmpdimenA=\dimen102
\@IEEEtrantmpdimenB=\dimen103
\@IEEEtrantmpdimenC=\dimen104
\@IEEEtrantmpcountA=\count79
\@IEEEtrantmpcountB=\count80
\@IEEEtrantmpcountC=\count81
\@IEEEtrantmptoksA=\toks14
LaTeX Font Info:    Try loading font information for OT1+ptm on input line 458.

(/usr/share/texlive/texmf-dist/tex/latex/psnfss/ot1ptm.fd
File: ot1ptm.fd 2001/06/04 font definitions for OT1/ptm.
)
-- Using 8.5in x 11in (letter) paper.
-- Using PDF output.
\@IEEEnormalsizeunitybaselineskip=\dimen105
-- This is a 10 point document.
\CLASSINFOnormalsizebaselineskip=\dimen106
\CLASSINFOnormalsizeunitybaselineskip=\dimen107
\IEEEnormaljot=\dimen108
LaTeX Font Info:    Font shape `OT1/ptm/bx/n' in size <5> not available
(Font)              Font shape `OT1/ptm/b/n' tried instead on input line 1039.
LaTeX Font Info:    Font shape `OT1/ptm/bx/it' in size <5> not available
(Font)              Font shape `OT1/ptm/b/it' tried instead on input line 1039.

LaTeX Font Info:    Font shape `OT1/ptm/bx/n' in size <7> not available
(Font)              Font shape `OT1/ptm/b/n' tried instead on input line 1039.
LaTeX Font Info:    Font shape `OT1/ptm/bx/it' in size <7> not available
(Font)              Font shape `OT1/ptm/b/it' tried instead on input line 1039.

LaTeX Font Info:    Font shape `OT1/ptm/bx/n' in size <8> not available
(Font)              Font shape `OT1/ptm/b/n' tried instead on input line 1039.
LaTeX Font Info:    Font shape `OT1/ptm/bx/it' in size <8> not available
(Font)              Font shape `OT1/ptm/b/it' tried instead on input line 1039.

LaTeX Font Info:    Font shape `OT1/ptm/bx/n' in size <9> not available
(Font)              Font shape `OT1/ptm/b/n' tried instead on input line 1039.
LaTeX Font Info:    Font shape `OT1/ptm/bx/it' in size <9> not available
(Font)              Font shape `OT1/ptm/b/it' tried instead on input line 1039.

LaTeX Font Info:    Font shape `OT1/ptm/bx/n' in size <10> not available
(Font)              Font shape `OT1/ptm/b/n' tried instead on input line 1039.
LaTeX Font Info:    Font shape `OT1/ptm/bx/it' in size <10> not available
(Font)              Font shape `OT1/ptm/b/it' tried instead on input line 1039.

LaTeX Font Info:    Font shape `OT1/ptm/bx/n' in size <11> not available
(Font)              Font shape `OT1/ptm/b/n' tried instead on input line 1039.
LaTeX Font Info:    Font shape `OT1/ptm/bx/it' in size <11> not available
(Font)              Font shape `OT1/ptm/b/it' tried instead on input line 1039.

LaTeX Font Info:    Font shape `OT1/ptm/bx/n' in size <12> not available
(Font)              Font shape `OT1/ptm/b/n' tried instead on input line 1039.
LaTeX Font Info:    Font shape `OT1/ptm/bx/it' in size <12> not available
(Font)              Font shape `OT1/ptm/b/it' tried instead on input line 1039.

LaTeX Font Info:    Font shape `OT1/ptm/bx/n' in size <17> not available
(Font)              Font shape `OT1/ptm/b/n' tried instead on input line 1039.
LaTeX Font Info:    Font shape `OT1/ptm/bx/it' in size <17> not available
(Font)              Font shape `OT1/ptm/b/it' tried instead on input line 1039.

LaTeX Font Info:    Font shape `OT1/ptm/bx/n' in size <20> not available
(Font)              Font shape `OT1/ptm/b/n' tried instead on input line 1039.
LaTeX Font Info:    Font shape `OT1/ptm/bx/it' in size <20> not available
(Font)              Font shape `OT1/ptm/b/it' tried instead on input line 1039.

LaTeX Font Info:    Font shape `OT1/ptm/bx/n' in size <24> not available
(Font)              Font shape `OT1/ptm/b/n' tried instead on input line 1039.
LaTeX Font Info:    Font shape `OT1/ptm/bx/it' in size <24> not available
(Font)              Font shape `OT1/ptm/b/it' tried instead on input line 1039.

\IEEEquantizedlength=\dimen109
\IEEEquantizedlengthdiff=\dimen110
\IEEEquantizedtextheightdiff=\dimen111
\IEEEilabelindentA=\dimen112
\IEEEilabelindentB=\dimen113
\IEEEilabelindent=\dimen114
\IEEEelabelindent=\dimen115
\IEEEdlabelindent=\dimen116
\IEEElabelindent=\dimen117
\IEEEiednormlabelsep=\dimen118
\IEEEiedmathlabelsep=\dimen119
\IEEEiedtopsep=\skip41
\c@section=\count82
\c@subsection=\count83
\c@subsubsection=\count84
\c@paragraph=\count85
\c@IEEEsubequation=\count86
\abovecaptionskip=\skip42
\belowcaptionskip=\skip43
\c@figure=\count87
\c@table=\count88
\@IEEEeqnnumcols=\count89
\@IEEEeqncolcnt=\count90
\@IEEEsubeqnnumrollback=\count91
\@IEEEquantizeheightA=\dimen120
\@IEEEquantizeheightB=\dimen121
\@IEEEquantizeheightC=\dimen122
\@IEEEquantizeprevdepth=\dimen123
\@IEEEquantizemultiple=\count92
\@IEEEquantizeboxA=\box26
\@IEEEtmpitemindent=\dimen124
\c@IEEEbiography=\count93
\@IEEEtranrubishbin=\box27
) (/usr/share/texlive/texmf-dist/tex/latex/cite/cite.sty
LaTeX Info: Redefining \cite on input line 302.
LaTeX Info: Redefining \nocite on input line 373.
Package: cite 2010/09/10  v 5.3
)
(/usr/share/texlive/texmf-dist/tex/latex/graphics/graphicx.sty
Package: graphicx 1999/02/16 v1.0f Enhanced LaTeX Graphics (DPC,SPQR)

(/usr/share/texlive/texmf-dist/tex/latex/graphics/keyval.sty
Package: keyval 1999/03/16 v1.13 key=value parser (DPC)
\KV@toks@=\toks15
)
(/usr/share/texlive/texmf-dist/tex/latex/graphics/graphics.sty
Package: graphics 2009/02/05 v1.0o Standard LaTeX Graphics (DPC,SPQR)

(/usr/share/texlive/texmf-dist/tex/latex/graphics/trig.sty
Package: trig 1999/03/16 v1.09 sin cos tan (DPC)
)
(/usr/share/texlive/texmf-dist/tex/latex/latexconfig/graphics.cfg
File: graphics.cfg 2010/04/23 v1.9 graphics configuration of TeX Live
)
Package graphics Info: Driver file: pdftex.def on input line 91.

(/usr/share/texlive/texmf-dist/tex/latex/pdftex-def/pdftex.def
File: pdftex.def 2011/05/27 v0.06d Graphics/color for pdfTeX

(/usr/share/texlive/texmf-dist/tex/generic/oberdiek/infwarerr.sty
Package: infwarerr 2010/04/08 v1.3 Providing info/warning/error messages (HO)
)
(/usr/share/texlive/texmf-dist/tex/generic/oberdiek/ltxcmds.sty
Package: ltxcmds 2011/11/09 v1.22 LaTeX kernel commands for general use (HO)
)
\Gread@gobject=\count94
))
\Gin@req@height=\dimen125
\Gin@req@width=\dimen126
)
(/usr/share/texlive/texmf-dist/tex/latex/graphics/epsfig.sty
Package: epsfig 1999/02/16 v1.7a (e)psfig emulation (SPQR)
\epsfxsize=\dimen127
\epsfysize=\dimen128
)
(/usr/share/texlive/texmf-dist/tex/latex/oberdiek/epstopdf.sty
Package: epstopdf 2010/02/09 v2.5 Conversion with epstopdf on the fly (HO)

(/usr/share/texlive/texmf-dist/tex/latex/oberdiek/epstopdf-base.sty
Package: epstopdf-base 2010/02/09 v2.5 Base part for package epstopdf

(/usr/share/texlive/texmf-dist/tex/latex/oberdiek/grfext.sty
Package: grfext 2010/08/19 v1.1 Manage graphics extensions (HO)

(/usr/share/texlive/texmf-dist/tex/generic/oberdiek/kvdefinekeys.sty
Package: kvdefinekeys 2011/04/07 v1.3 Define keys (HO)
))
(/usr/share/texlive/texmf-dist/tex/latex/oberdiek/kvoptions.sty
Package: kvoptions 2011/06/30 v3.11 Key value format for package options (HO)

(/usr/share/texlive/texmf-dist/tex/generic/oberdiek/kvsetkeys.sty
Package: kvsetkeys 2012/04/25 v1.16 Key value parser (HO)

(/usr/share/texlive/texmf-dist/tex/generic/oberdiek/etexcmds.sty
Package: etexcmds 2011/02/16 v1.5 Avoid name clashes with e-TeX commands (HO)

(/usr/share/texlive/texmf-dist/tex/generic/oberdiek/ifluatex.sty
Package: ifluatex 2010/03/01 v1.3 Provides the ifluatex switch (HO)
Package ifluatex Info: LuaTeX not detected.
)
Package etexcmds Info: Could not find \expanded.
(etexcmds)             That can mean that you are not using pdfTeX 1.50 or
(etexcmds)             that some package has redefined \expanded.
(etexcmds)             In the latter case, load this package earlier.
)))
(/usr/share/texlive/texmf-dist/tex/generic/oberdiek/pdftexcmds.sty
Package: pdftexcmds 2011/11/29 v0.20 Utility functions of pdfTeX for LuaTeX (HO
)

(/usr/share/texlive/texmf-dist/tex/generic/oberdiek/ifpdf.sty
Package: ifpdf 2011/01/30 v2.3 Provides the ifpdf switch (HO)
Package ifpdf Info: pdfTeX in PDF mode is detected.
)
Package pdftexcmds Info: LuaTeX not detected.
Package pdftexcmds Info: \pdf@primitive is available.
Package pdftexcmds Info: \pdf@ifprimitive is available.
Package pdftexcmds Info: \pdfdraftmode found.
)
Package grfext Info: Graphics extension search list:
(grfext)             [.png,.pdf,.jpg,.mps,.jpeg,.jbig2,.jb2,.PNG,.PDF,.JPG,.JPE
G,.JBIG2,.JB2,.eps]
(grfext)             \AppendGraphicsExtensions on input line 452.

(/usr/share/texlive/texmf-dist/tex/latex/latexconfig/epstopdf-sys.cfg
File: epstopdf-sys.cfg 2010/07/13 v1.3 Configuration of (r)epstopdf for TeX Liv
e
)))
(./algorithm.sty
Package: algorithm 

Document Style `algorithm' - floating environment
(/usr/share/texlive/texmf-dist/tex/latex/float/float.sty
Package: float 2001/11/08 v1.3d Float enhancements (AL)
\c@float@type=\count95
\float@exts=\toks16
\float@box=\box28
\@float@everytoks=\toks17
\@floatcapt=\box29
)
(/usr/share/texlive/texmf-dist/tex/latex/base/ifthen.sty
Package: ifthen 2001/05/26 v1.1c Standard LaTeX ifthen package (DPC)
)
\@float@every@algorithm=\toks18
\c@algorithm=\count96
) (./algorithmic.sty
Package: algorithmic 2006/06/02

Document Style `algorithmic' - environment
(/usr/share/texlive/texmf-dist/tex/latex/tools/calc.sty
Package: calc 2007/08/22 v4.3 Infix arithmetic (KKT,FJ)
\calc@Acount=\count97
\calc@Bcount=\count98
\calc@Adimen=\dimen129
\calc@Bdimen=\dimen130
\calc@Askip=\skip44
\calc@Bskip=\skip45
LaTeX Info: Redefining \setlength on input line 76.
LaTeX Info: Redefining \addtolength on input line 77.
\calc@Ccount=\count99
\calc@Cskip=\skip46
)
\c@ALC@line=\count100
\c@ALC@rem=\count101
\c@ALC@depth=\count102
\ALC@tlm=\skip47
\algorithmicindent=\skip48
)
(/usr/share/texlive/texmf-dist/tex/latex/base/textcomp.sty
Package: textcomp 2005/09/27 v1.99g Standard LaTeX package
Package textcomp Info: Sub-encoding information:
(textcomp)               5 = only ISO-Adobe without \textcurrency
(textcomp)               4 = 5 + \texteuro
(textcomp)               3 = 4 + \textohm
(textcomp)               2 = 3 + \textestimated + \textcurrency
(textcomp)               1 = TS1 - \textcircled - \t
(textcomp)               0 = TS1 (full)
(textcomp)             Font families with sub-encoding setting implement
(textcomp)             only a restricted character set as indicated.
(textcomp)             Family '?' is the default used for unknown fonts.
(textcomp)             See the documentation for details.
Package textcomp Info: Setting ? sub-encoding to TS1/1 on input line 71.

(/usr/share/texlive/texmf-dist/tex/latex/base/ts1enc.def
File: ts1enc.def 2001/06/05 v3.0e (jk/car/fm) Standard LaTeX file
)
LaTeX Info: Redefining \oldstylenums on input line 266.
Package textcomp Info: Setting cmr sub-encoding to TS1/0 on input line 281.
Package textcomp Info: Setting cmss sub-encoding to TS1/0 on input line 282.
Package textcomp Info: Setting cmtt sub-encoding to TS1/0 on input line 283.
Package textcomp Info: Setting cmvtt sub-encoding to TS1/0 on input line 284.
Package textcomp Info: Setting cmbr sub-encoding to TS1/0 on input line 285.
Package textcomp Info: Setting cmtl sub-encoding to TS1/0 on input line 286.
Package textcomp Info: Setting ccr sub-encoding to TS1/0 on input line 287.
Package textcomp Info: Setting ptm sub-encoding to TS1/4 on input line 288.
Package textcomp Info: Setting pcr sub-encoding to TS1/4 on input line 289.
Package textcomp Info: Setting phv sub-encoding to TS1/4 on input line 290.
Package textcomp Info: Setting ppl sub-encoding to TS1/3 on input line 291.
Package textcomp Info: Setting pag sub-encoding to TS1/4 on input line 292.
Package textcomp Info: Setting pbk sub-encoding to TS1/4 on input line 293.
Package textcomp Info: Setting pnc sub-encoding to TS1/4 on input line 294.
Package textcomp Info: Setting pzc sub-encoding to TS1/4 on input line 295.
Package textcomp Info: Setting bch sub-encoding to TS1/4 on input line 296.
Package textcomp Info: Setting put sub-encoding to TS1/5 on input line 297.
Package textcomp Info: Setting uag sub-encoding to TS1/5 on input line 298.
Package textcomp Info: Setting ugq sub-encoding to TS1/5 on input line 299.
Package textcomp Info: Setting ul8 sub-encoding to TS1/4 on input line 300.
Package textcomp Info: Setting ul9 sub-encoding to TS1/4 on input line 301.
Package textcomp Info: Setting augie sub-encoding to TS1/5 on input line 302.
Package textcomp Info: Setting dayrom sub-encoding to TS1/3 on input line 303.
Package textcomp Info: Setting dayroms sub-encoding to TS1/3 on input line 304.

Package textcomp Info: Setting pxr sub-encoding to TS1/0 on input line 305.
Package textcomp Info: Setting pxss sub-encoding to TS1/0 on input line 306.
Package textcomp Info: Setting pxtt sub-encoding to TS1/0 on input line 307.
Package textcomp Info: Setting txr sub-encoding to TS1/0 on input line 308.
Package textcomp Info: Setting txss sub-encoding to TS1/0 on input line 309.
Package textcomp Info: Setting txtt sub-encoding to TS1/0 on input line 310.
Package textcomp Info: Setting lmr sub-encoding to TS1/0 on input line 311.
Package textcomp Info: Setting lmdh sub-encoding to TS1/0 on input line 312.
Package textcomp Info: Setting lmss sub-encoding to TS1/0 on input line 313.
Package textcomp Info: Setting lmssq sub-encoding to TS1/0 on input line 314.
Package textcomp Info: Setting lmvtt sub-encoding to TS1/0 on input line 315.
Package textcomp Info: Setting qhv sub-encoding to TS1/0 on input line 316.
Package textcomp Info: Setting qag sub-encoding to TS1/0 on input line 317.
Package textcomp Info: Setting qbk sub-encoding to TS1/0 on input line 318.
Package textcomp Info: Setting qcr sub-encoding to TS1/0 on input line 319.
Package textcomp Info: Setting qcs sub-encoding to TS1/0 on input line 320.
Package textcomp Info: Setting qpl sub-encoding to TS1/0 on input line 321.
Package textcomp Info: Setting qtm sub-encoding to TS1/0 on input line 322.
Package textcomp Info: Setting qzc sub-encoding to TS1/0 on input line 323.
Package textcomp Info: Setting qhvc sub-encoding to TS1/0 on input line 324.
Package textcomp Info: Setting futs sub-encoding to TS1/4 on input line 325.
Package textcomp Info: Setting futx sub-encoding to TS1/4 on input line 326.
Package textcomp Info: Setting futj sub-encoding to TS1/4 on input line 327.
Package textcomp Info: Setting hlh sub-encoding to TS1/3 on input line 328.
Package textcomp Info: Setting hls sub-encoding to TS1/3 on input line 329.
Package textcomp Info: Setting hlst sub-encoding to TS1/3 on input line 330.
Package textcomp Info: Setting hlct sub-encoding to TS1/5 on input line 331.
Package textcomp Info: Setting hlx sub-encoding to TS1/5 on input line 332.
Package textcomp Info: Setting hlce sub-encoding to TS1/5 on input line 333.
Package textcomp Info: Setting hlcn sub-encoding to TS1/5 on input line 334.
Package textcomp Info: Setting hlcw sub-encoding to TS1/5 on input line 335.
Package textcomp Info: Setting hlcf sub-encoding to TS1/5 on input line 336.
Package textcomp Info: Setting pplx sub-encoding to TS1/3 on input line 337.
Package textcomp Info: Setting pplj sub-encoding to TS1/3 on input line 338.
Package textcomp Info: Setting ptmx sub-encoding to TS1/4 on input line 339.
Package textcomp Info: Setting ptmj sub-encoding to TS1/4 on input line 340.
)
(/usr/share/texlive/texmf-dist/tex/latex/url/url.sty
\Urlmuskip=\muskip10
Package: url 2013/09/16  ver 3.4  Verb mode for urls, etc.
)
(/usr/share/texlive/texmf-dist/tex/latex/graphics/color.sty
Package: color 2005/11/14 v1.0j Standard LaTeX Color (DPC)

(/usr/share/texlive/texmf-dist/tex/latex/latexconfig/color.cfg
File: color.cfg 2007/01/18 v1.5 color configuration of teTeX/TeXLive
)
Package color Info: Driver file: pdftex.def on input line 130.
)
(/usr/share/texlive/texmf-dist/tex/latex/pbox/pbox.sty
Package: pbox 2011/12/07 v1.2 Dynamic parboxes
\pb@xlen=\skip49
)
(/usr/share/texlive/texmf-dist/tex/latex/multirow/multirow.sty
\bigstrutjot=\dimen131
)
(/usr/share/texlive/texmf-dist/tex/latex/caption/caption.sty
Package: caption 2013/05/02 v3.3-89 Customizing captions (AR)

(/usr/share/texlive/texmf-dist/tex/latex/caption/caption3.sty
Package: caption3 2013/05/02 v1.6-88 caption3 kernel (AR)
Package caption3 Info: TeX engine: e-TeX on input line 57.
\captionmargin=\dimen132
\captionmargin@=\dimen133
\captionwidth=\dimen134
\caption@tempdima=\dimen135
\caption@indent=\dimen136
\caption@parindent=\dimen137
\caption@hangindent=\dimen138
Package caption Info: Unknown document class (or package),
(caption)             standard defaults will be used.
)

Package caption Warning: Unsupported document class (or package) detected,
(caption)                usage of the caption package is not recommended.
See the caption package documentation for explanation.

Package caption Info: \@makecaption = \long macro:#1#2->\ifx \@captype \@IEEEta
blestring \footnotesize \bgroup \par \centering \@IEEEtabletopskipstrut {\norma
lfont \footnotesize #1}\\{\normalfont \footnotesize \scshape #2}\par \addvspace
 {0.5\baselineskip }\egroup \@IEEEtablecaptionsepspace \else \@IEEEfigurecaptio
nsepspace \setbox \@tempboxa \hbox {\normalfont \footnotesize {#1.}\nobreakspac
e \nobreakspace #2}\ifdim \wd \@tempboxa >\hsize \setbox \@tempboxa \hbox {\nor
malfont \footnotesize {#1.}\nobreakspace \nobreakspace }\parbox [t]{\hsize }{\n
ormalfont \footnotesize \noindent \unhbox \@tempboxa #2}\else \ifCLASSOPTIONcon
ference \hbox to\hsize {\normalfont \footnotesize \hfil \box \@tempboxa \hfil }
\else \hbox to\hsize {\normalfont \footnotesize \box \@tempboxa \hfil }\fi \fi 
\fi .
\c@ContinuedFloat=\count103
Package caption Info: float package is loaded.
) (./LWA-NS3.aux)
\openout1 = `LWA-NS3.aux'.

LaTeX Font Info:    Checking defaults for OML/cmm/m/it on input line 26.
LaTeX Font Info:    ... okay on input line 26.
LaTeX Font Info:    Checking defaults for T1/cmr/m/n on input line 26.
LaTeX Font Info:    ... okay on input line 26.
LaTeX Font Info:    Checking defaults for OT1/cmr/m/n on input line 26.
LaTeX Font Info:    ... okay on input line 26.
LaTeX Font Info:    Checking defaults for OMS/cmsy/m/n on input line 26.
LaTeX Font Info:    ... okay on input line 26.
LaTeX Font Info:    Checking defaults for OMX/cmex/m/n on input line 26.
LaTeX Font Info:    ... okay on input line 26.
LaTeX Font Info:    Checking defaults for U/cmr/m/n on input line 26.
LaTeX Font Info:    ... okay on input line 26.
LaTeX Font Info:    Checking defaults for TS1/cmr/m/n on input line 26.
LaTeX Font Info:    Try loading font information for TS1+cmr on input line 26.
 (/usr/share/texlive/texmf-dist/tex/latex/base/ts1cmr.fd
File: ts1cmr.fd 1999/05/25 v2.5h Standard LaTeX font definitions
)
LaTeX Font Info:    ... okay on input line 26.

-- Lines per column: 56 (exact).
(/usr/share/texlive/texmf-dist/tex/context/base/supp-pdf.mkii
[Loading MPS to PDF converter (version 2006.09.02).]
\scratchcounter=\count104
\scratchdimen=\dimen139
\scratchbox=\box30
\nofMPsegments=\count105
\nofMParguments=\count106
\everyMPshowfont=\toks19
\MPscratchCnt=\count107
\MPscratchDim=\dimen140
\MPnumerator=\count108
\makeMPintoPDFobject=\count109
\everyMPtoPDFconversion=\toks20
)
Package caption Info: Begin \AtBeginDocument code.
Package caption Info: End \AtBeginDocument code.
LaTeX Font Info:    Try loading font information for TS1+ptm on input line 39.
 (/usr/share/texlive/texmf-dist/tex/latex/psnfss/ts1ptm.fd
File: ts1ptm.fd 2001/06/04 font definitions for TS1/ptm.
)
LaTeX Font Info:    Font shape `TS1/ptm/bx/n' in size <9> not available
(Font)              Font shape `TS1/ptm/b/n' tried instead on input line 39.
LaTeX Font Info:    External font `cmex10' loaded for size
(Font)              <7> on input line 52.
LaTeX Font Info:    External font `cmex10' loaded for size
(Font)              <5> on input line 52.

<images/into_IBX.pdf, id=1, 331.99031pt x 487.8225pt>
File: images/into_IBX.pdf Graphic file (type pdf)

<use images/into_IBX.pdf>
Package pdftex.def Info: images/into_IBX.pdf used on input line 86.
(pdftex.def)             Requested size: 142.26378pt x 209.03755pt.
LaTeX Font Info:    Try loading font information for OT1+phv on input line 87.

(/usr/share/texlive/texmf-dist/tex/latex/psnfss/ot1phv.fd
File: ot1phv.fd 2001/06/04 scalable font definitions for OT1/phv.
)
LaTeX Font Info:    Font shape `OT1/phv/bx/n' in size <8> not available
(Font)              Font shape `OT1/phv/b/n' tried instead on input line 87.
 [1{/var/lib/texmf/fonts/map/pdftex/updmap/pdftex.map}


]
<images/Aggregation_proposed_1.pdf, id=14, 1065.9825pt x 822.07124pt>
File: images/Aggregation_proposed_1.pdf Graphic file (type pdf)

<use images/Aggregation_proposed_1.pdf>
Package pdftex.def Info: images/Aggregation_proposed_1.pdf used on input line 1
28.
(pdftex.def)             Requested size: 256.06874pt x 227.61945pt.

Overfull \hbox (4.06874pt too wide) in paragraph at lines 128--129
 [][] 
 []

<images/3GPPLWIP.pdf, id=15, 993.7125pt x 1011.78pt>
File: images/3GPPLWIP.pdf Graphic file (type pdf)
 <use images/3GPPLWIP.pdf>
Package pdftex.def Info: images/3GPPLWIP.pdf used on input line 135.
(pdftex.def)             Requested size: 256.06956pt x 312.9847pt.

Overfull \hbox (4.06956pt too wide) in paragraph at lines 135--136
 [][] 
 []

[2 <./images/into_IBX.pdf> <./images/Aggregation_proposed_1.pdf

pdfTeX warning: pdflatex (file ./images/Aggregation_proposed_1.pdf): PDF inclus
ion: multiple pdfs with page group included in a single page
>]
Underfull \vbox (badness 1194) has occurred while \output is active []


<images/lwa_INTERFERENCE.pdf, id=393, 354.57469pt x 361.35pt>
File: images/lwa_INTERFERENCE.pdf Graphic file (type pdf)

<use images/lwa_INTERFERENCE.pdf>
Package pdftex.def Info: images/lwa_INTERFERENCE.pdf used on input line 187.
(pdftex.def)             Requested size: 128.0374pt x 130.48288pt.

Underfull \vbox (badness 1831) has occurred while \output is active []

 [3 <./images/3GPPLWIP.pdf> <./images/lwa_INTERFERENCE.pdf

pdfTeX warning: pdflatex (file ./images/lwa_INTERFERENCE.pdf): PDF inclusion: m
ultiple pdfs with page group included in a single page
>] <images/LAS_new.pdf, id=550, 433.62pt x 614.295pt>
File: images/LAS_new.pdf Graphic file (type pdf)
 <use images/LAS_new.pdf>
Package pdftex.def Info: images/LAS_new.pdf used on input line 227.
(pdftex.def)             Requested size: 147.95424pt x 209.59802pt.

<images/classDiagram.pdf, id=551, 896.59969pt x 451.6875pt>
File: images/classDiagram.pdf Graphic file (type pdf)

<use images/classDiagram.pdf>
Package pdftex.def Info: images/classDiagram.pdf used on input line 235.
(pdftex.def)             Requested size: 367.04037pt x 184.9036pt.

Overfull \hbox (5.84195pt too wide) in paragraph at lines 235--236
[][] 
 []


Overfull \hbox (4.59991pt too wide) in paragraph at lines 226--241
[]$[]$   $[]$ 
 []

LaTeX Font Info:    External font `cmex10' loaded for size
(Font)              <8> on input line 327.
LaTeX Font Info:    External font `cmex10' loaded for size
(Font)              <6> on input line 327.

Overfull \hbox (10.72688pt too wide) in paragraph at lines 327--350
 [][] 
 []

[4]
Package epstopdf Info: Source file: <images/UDP1UE.eps>
(epstopdf)                    date: 2016-04-10 23:24:49
(epstopdf)                    size: 25317 bytes
(epstopdf)             Output file: <images/UDP1UE-eps-converted-to.pdf>
(epstopdf)                    date: 2016-04-10 23:25:07
(epstopdf)                    size: 22763 bytes
(epstopdf)             Command: <repstopdf --outfile=images/UDP1UE-eps-converte
d-to.pdf images/UDP1UE.eps>
(epstopdf)             \includegraphics on input line 378.
Package epstopdf Info: Output file is already uptodate.
 <images/UDP1UE-eps-converted-to.pdf, id=555, 361.35pt x 252.945pt>
File: images/UDP1UE-eps-converted-to.pdf Graphic file (type pdf)

<use images/UDP1UE-eps-converted-to.pdf>
Package pdftex.def Info: images/UDP1UE-eps-converted-to.pdf used on input line 
378.
(pdftex.def)             Requested size: 162.18144pt x 113.8126pt.
Package epstopdf Info: Source file: <images/UDP4UE.eps>
(epstopdf)                    date: 2016-04-10 23:24:51
(epstopdf)                    size: 25322 bytes
(epstopdf)             Output file: <images/UDP4UE-eps-converted-to.pdf>
(epstopdf)                    date: 2016-04-10 23:25:07
(epstopdf)                    size: 23492 bytes
(epstopdf)             Command: <repstopdf --outfile=images/UDP4UE-eps-converte
d-to.pdf images/UDP4UE.eps>
(epstopdf)             \includegraphics on input line 386.
Package epstopdf Info: Output file is already uptodate.

<images/UDP4UE-eps-converted-to.pdf, id=556, 361.35pt x 252.945pt>
File: images/UDP4UE-eps-converted-to.pdf Graphic file (type pdf)

<use images/UDP4UE-eps-converted-to.pdf>
Package pdftex.def Info: images/UDP4UE-eps-converted-to.pdf used on input line 
386.
(pdftex.def)             Requested size: 162.18144pt x 113.8126pt.
Package epstopdf Info: Source file: <images/remplot.eps>
(epstopdf)                    date: 2016-03-31 23:13:23
(epstopdf)                    size: 40726 bytes
(epstopdf)             Output file: <images/remplot-eps-converted-to.pdf>
(epstopdf)                    date: 2016-04-01 18:46:58
(epstopdf)                    size: 26711 bytes
(epstopdf)             Command: <repstopdf --outfile=images/remplot-eps-convert
ed-to.pdf images/remplot.eps>
(epstopdf)             \includegraphics on input line 394.
Package epstopdf Info: Output file is already uptodate.

<images/remplot-eps-converted-to.pdf, id=557, 361.35pt x 252.945pt>
File: images/remplot-eps-converted-to.pdf Graphic file (type pdf)

<use images/remplot-eps-converted-to.pdf>
Package pdftex.def Info: images/remplot-eps-converted-to.pdf used on input line
 394.
(pdftex.def)             Requested size: 162.18144pt x 113.8126pt.
Package epstopdf Info: Source file: <images/1IBX_MixedTraffic_UDP_Heavy.eps>
(epstopdf)                    date: 2016-04-10 23:32:21
(epstopdf)                    size: 22367 bytes
(epstopdf)             Output file: <images/1IBX_MixedTraffic_UDP_Heavy-eps-con
verted-to.pdf>
(epstopdf)                    date: 2016-04-10 23:33:02
(epstopdf)                    size: 8386 bytes
(epstopdf)             Command: <repstopdf --outfile=images/1IBX_MixedTraffic_U
DP_Heavy-eps-converted-to.pdf images/1IBX_MixedTraffic_UDP_Heavy.eps>
(epstopdf)             \includegraphics on input line 403.
Package epstopdf Info: Output file is already uptodate.

<images/1IBX_MixedTraffic_UDP_Heavy-eps-converted-to.pdf, id=558, 361.35pt x 25
2.945pt>
File: images/1IBX_MixedTraffic_UDP_Heavy-eps-converted-to.pdf Graphic file (typ
e pdf)
 <use images/1IBX_MixedTraffic_UDP_Heavy-eps-converted-to.pdf>
Package pdftex.def Info: images/1IBX_MixedTraffic_UDP_Heavy-eps-converted-to.pd
f used on input line 403.
(pdftex.def)             Requested size: 162.18144pt x 113.8126pt.
Package epstopdf Info: Source file: <images/1IBX_MixedTraffic_TCP_Heavy.eps>
(epstopdf)                    date: 2016-04-10 23:32:14
(epstopdf)                    size: 22798 bytes
(epstopdf)             Output file: <images/1IBX_MixedTraffic_TCP_Heavy-eps-con
verted-to.pdf>
(epstopdf)                    date: 2016-04-10 23:33:02
(epstopdf)                    size: 8451 bytes
(epstopdf)             Command: <repstopdf --outfile=images/1IBX_MixedTraffic_T
CP_Heavy-eps-converted-to.pdf images/1IBX_MixedTraffic_TCP_Heavy.eps>
(epstopdf)             \includegraphics on input line 411.
Package epstopdf Info: Output file is already uptodate.

<images/1IBX_MixedTraffic_TCP_Heavy-eps-converted-to.pdf, id=559, 361.35pt x 25
2.945pt>
File: images/1IBX_MixedTraffic_TCP_Heavy-eps-converted-to.pdf Graphic file (typ
e pdf)
 <use images/1IBX_MixedTraffic_TCP_Heavy-eps-converted-to.pdf>
Package pdftex.def Info: images/1IBX_MixedTraffic_TCP_Heavy-eps-converted-to.pd
f used on input line 411.
(pdftex.def)             Requested size: 162.18144pt x 113.8126pt.
Package epstopdf Info: Source file: <images/10LWA_IndoorStadium.eps>
(epstopdf)                    date: 2016-04-10 23:32:08
(epstopdf)                    size: 22454 bytes
(epstopdf)             Output file: <images/10LWA_IndoorStadium-eps-converted-t
o.pdf>
(epstopdf)                    date: 2016-04-10 23:33:02
(epstopdf)                    size: 7947 bytes
(epstopdf)             Command: <repstopdf --outfile=images/10LWA_IndoorStadium
-eps-converted-to.pdf images/10LWA_IndoorStadium.eps>
(epstopdf)             \includegraphics on input line 419.
Package epstopdf Info: Output file is already uptodate.

<images/10LWA_IndoorStadium-eps-converted-to.pdf, id=560, 361.35pt x 252.945pt>
File: images/10LWA_IndoorStadium-eps-converted-to.pdf Graphic file (type pdf)
<use images/10LWA_IndoorStadium-eps-converted-to.pdf>
Package pdftex.def Info: images/10LWA_IndoorStadium-eps-converted-to.pdf used o
n input line 419.
(pdftex.def)             Requested size: 162.18144pt x 113.8126pt.
 [5 <./images/LAS_new.pdf> <./images/classDiagram.pdf

pdfTeX warning: pdflatex (file ./images/classDiagram.pdf): PDF inclusion: multi
ple pdfs with page group included in a single page
>]
Package epstopdf Info: Source file: <images/10IBXVoiceDelay.eps>
(epstopdf)                    date: 2016-03-31 12:28:09
(epstopdf)                    size: 24139 bytes
(epstopdf)             Output file: <images/10IBXVoiceDelay-eps-converted-to.pd
f>
(epstopdf)                    date: 2016-04-01 18:47:00
(epstopdf)                    size: 23361 bytes
(epstopdf)             Command: <repstopdf --outfile=images/10IBXVoiceDelay-eps
-converted-to.pdf images/10IBXVoiceDelay.eps>
(epstopdf)             \includegraphics on input line 448.
Package epstopdf Info: Output file is already uptodate.
 <images/10IBXVoiceDelay-eps-converted-to.pdf, id=631, 361.35pt x 252.945pt>
File: images/10IBXVoiceDelay-eps-converted-to.pdf Graphic file (type pdf)

<use images/10IBXVoiceDelay-eps-converted-to.pdf>
Package pdftex.def Info: images/10IBXVoiceDelay-eps-converted-to.pdf used on in
put line 448.
(pdftex.def)             Requested size: 162.18144pt x 113.8126pt.
Package epstopdf Info: Source file: <images/10IBXVoiceJitter.eps>
(epstopdf)                    date: 2016-03-31 12:41:52
(epstopdf)                    size: 23528 bytes
(epstopdf)             Output file: <images/10IBXVoiceJitter-eps-converted-to.p
df>
(epstopdf)                    date: 2016-04-01 18:47:00
(epstopdf)                    size: 17490 bytes
(epstopdf)             Command: <repstopdf --outfile=images/10IBXVoiceJitter-ep
s-converted-to.pdf images/10IBXVoiceJitter.eps>
(epstopdf)             \includegraphics on input line 456.
Package epstopdf Info: Output file is already uptodate.

<images/10IBXVoiceJitter-eps-converted-to.pdf, id=632, 361.35pt x 252.945pt>
File: images/10IBXVoiceJitter-eps-converted-to.pdf Graphic file (type pdf)

<use images/10IBXVoiceJitter-eps-converted-to.pdf>
Package pdftex.def Info: images/10IBXVoiceJitter-eps-converted-to.pdf used on i
nput line 456.
(pdftex.def)             Requested size: 162.18144pt x 113.8126pt.
Package epstopdf Info: Source file: <images/cwnd_plot.eps>
(epstopdf)                    date: 2016-04-04 10:28:57
(epstopdf)                    size: 451437 bytes
(epstopdf)             Output file: <images/cwnd_plot-eps-converted-to.pdf>
(epstopdf)                    date: 2016-04-04 10:33:01
(epstopdf)                    size: 169746 bytes
(epstopdf)             Command: <repstopdf --outfile=images/cwnd_plot-eps-conve
rted-to.pdf images/cwnd_plot.eps>
(epstopdf)             \includegraphics on input line 464.
Package epstopdf Info: Output file is already uptodate.

<images/cwnd_plot-eps-converted-to.pdf, id=633, 361.35pt x 252.945pt>
File: images/cwnd_plot-eps-converted-to.pdf Graphic file (type pdf)

<use images/cwnd_plot-eps-converted-to.pdf>
Package pdftex.def Info: images/cwnd_plot-eps-converted-to.pdf used on input li
ne 464.
(pdftex.def)             Requested size: 162.18144pt x 113.8126pt.
 [6 <./images/UDP1UE-eps-converted-to.pdf> <./images/UDP4UE-eps-converted-to.pd
f> <./images/remplot-eps-converted-to.pdf> <./images/1IBX_MixedTraffic_UDP_Heav
y-eps-converted-to.pdf> <./images/1IBX_MixedTraffic_TCP_Heavy-eps-converted-to.
pdf> <./images/10LWA_IndoorStadium-eps-converted-to.pdf>] (./LWA-NS3.bbl
Underfull \hbox (badness 2173) in paragraph at lines 26--29
[]\OT1/ptm/m/n/8 The Mo-bile Net-work in 2014. [On-line]. Avail-
 []


Underfull \hbox (badness 1509) in paragraph at lines 68--71
\OT1/ptm/m/n/8 2015. [On-line]. Avail-able: $http : / / www . 3gpp . org / Dyna
Report /
 []

)

** Conference Paper **
Before submitting the final camera ready copy, remember to:

 1. Manually equalize the lengths of two columns on the last page
 of your paper;

 2. Ensure that any PostScript and/or PDF output post-processing
 uses only Type 1 fonts and that every step in the generation
 process uses the appropriate paper size.

[7 <./images/10IBXVoiceDelay-eps-converted-to.pdf> <./images/10IBXVoiceJitter-e
ps-converted-to.pdf> <./images/cwnd_plot-eps-converted-to.pdf>] (./LWA-NS3.aux)
 ) 
Here is how much of TeX's memory you used:
 4576 strings out of 494985
 75481 string characters out of 6180355
 142434 words of memory out of 5000000
 7705 multiletter control sequences out of 15000+600000
 42140 words of font info for 77 fonts, out of 8000000 for 9000
 36 hyphenation exceptions out of 8191
 42i,9n,38p,1820b,380s stack positions out of 5000i,500n,10000p,200000b,80000s
{/usr/share/texlive/texmf-dist/fonts/enc/dvips/base/8r.enc}</usr/share/texliv
e/texmf-dist/fonts/type1/public/amsfonts/cm/cmmi10.pfb></usr/share/texlive/texm
f-dist/fonts/type1/public/amsfonts/cm/cmmi7.pfb></usr/share/texlive/texmf-dist/
fonts/type1/public/amsfonts/cm/cmr10.pfb></usr/share/texlive/texmf-dist/fonts/t
ype1/public/amsfonts/cm/cmsy7.pfb></usr/share/texlive/texmf-dist/fonts/type1/ur
w/helvetic/uhvb8a.pfb></usr/share/texlive/texmf-dist/fonts/type1/urw/times/utmb
8a.pfb></usr/share/texlive/texmf-dist/fonts/type1/urw/times/utmbi8a.pfb></usr/s
hare/texlive/texmf-dist/fonts/type1/urw/times/utmr8a.pfb></usr/share/texlive/te
xmf-dist/fonts/type1/urw/times/utmri8a.pfb>
Output written on LWA-NS3.pdf (7 pages, 1573566 bytes).
PDF statistics:
 720 PDF objects out of 1000 (max. 8388607)
 429 compressed objects within 5 object streams
 0 named destinations out of 1000 (max. 500000)
 76 words of extra memory for PDF output out of 10000 (max. 10000000)

